<?xml version="1.0" encoding="UTF-8"?>
<!-- Generated by org.testng.reporters.JUnitReportReporter -->
<testsuite hostname="DESKTOP-A5FDOMP" failures="0" tests="1" name="pack1.Test_facebook" time="26.816" errors="0" timestamp="04 Dec 2020 08:34:39 GMT" skipped="0">
  <testcase classname="pack1.Test_facebook" name="face" time="26.816"/>
</testsuite> <!-- pack1.Test_facebook -->
