<?xml version="1.0" encoding="UTF-8"?>
<!-- Generated by org.testng.reporters.JUnitReportReporter -->
<testsuite hostname="DESKTOP-A5FDOMP" failures="0" tests="1" name="pack1.Test_titre" time="18.283" errors="0" timestamp="01 Dec 2020 17:26:15 GMT" skipped="0">
  <testcase classname="pack1.Test_titre" name="title" time="18.283"/>
</testsuite> <!-- pack1.Test_titre -->
